mode: set
github.com/automationcloud/client-go/errors.go:20.41,22.2 1 1
github.com/automationcloud/client-go/errors.go:25.55,32.42 2 1
github.com/automationcloud/client-go/errors.go:35.2,35.12 1 1
github.com/automationcloud/client-go/errors.go:32.42,34.3 1 1
github.com/automationcloud/client-go/job.go:31.84,34.16 2 1
github.com/automationcloud/client-go/job.go:38.2,40.8 2 1
github.com/automationcloud/client-go/job.go:34.16,36.3 1 1
github.com/automationcloud/client-go/job.go:45.38,46.34 1 1
github.com/automationcloud/client-go/job.go:49.2,50.8 2 1
github.com/automationcloud/client-go/job.go:46.34,48.3 1 1
github.com/automationcloud/client-go/job.go:53.30,55.16 2 1
github.com/automationcloud/client-go/job.go:59.2,59.13 1 1
github.com/automationcloud/client-go/job.go:55.16,57.3 1 1
github.com/automationcloud/client-go/job.go:63.70,65.16 2 1
github.com/automationcloud/client-go/job.go:69.2,70.8 2 1
github.com/automationcloud/client-go/job.go:65.16,67.3 1 1
github.com/automationcloud/client-go/job_input.go:19.100,22.2 2 1
github.com/automationcloud/client-go/job_output.go:10.69,13.2 2 1
github.com/automationcloud/client-go/previous_job_outputs.go:17.99,28.16 3 1
github.com/automationcloud/client-go/previous_job_outputs.go:32.2,32.23 1 1
github.com/automationcloud/client-go/previous_job_outputs.go:28.16,30.3 1 1
github.com/automationcloud/client-go/protocol.go:24.69,26.16 2 1
github.com/automationcloud/client-go/protocol.go:30.2,30.22 1 1
github.com/automationcloud/client-go/protocol.go:26.16,29.3 2 1
github.com/automationcloud/client-go/protocol.go:33.54,34.23 1 1
github.com/automationcloud/client-go/protocol.go:38.2,38.26 1 1
github.com/automationcloud/client-go/protocol.go:34.23,36.3 1 1
github.com/automationcloud/client-go/time.go:12.54,15.16 3 1
github.com/automationcloud/client-go/time.go:19.2,20.8 2 1
github.com/automationcloud/client-go/time.go:15.16,17.3 1 1
github.com/automationcloud/client-go/client.go:21.73,28.2 1 1
github.com/automationcloud/client-go/client.go:30.68,33.2 2 1
github.com/automationcloud/client-go/client.go:35.64,38.2 2 1
github.com/automationcloud/client-go/client.go:40.84,50.2 2 1
github.com/automationcloud/client-go/client.go:52.135,61.2 1 1
github.com/automationcloud/client-go/client.go:70.35,72.20 2 1
github.com/automationcloud/client-go/client.go:79.2,80.16 2 1
github.com/automationcloud/client-go/client.go:83.2,84.21 2 1
github.com/automationcloud/client-go/client.go:87.2,88.16 2 1
github.com/automationcloud/client-go/client.go:92.2,92.52 1 1
github.com/automationcloud/client-go/client.go:96.2,96.27 1 1
github.com/automationcloud/client-go/client.go:101.2,101.51 1 1
github.com/automationcloud/client-go/client.go:105.2,105.19 1 1
github.com/automationcloud/client-go/client.go:110.2,110.17 1 1
github.com/automationcloud/client-go/client.go:72.20,74.17 2 1
github.com/automationcloud/client-go/client.go:77.3,77.31 1 1
github.com/automationcloud/client-go/client.go:74.17,76.4 1 1
github.com/automationcloud/client-go/client.go:80.16,82.3 1 1
github.com/automationcloud/client-go/client.go:84.21,86.3 1 1
github.com/automationcloud/client-go/client.go:88.16,90.3 1 1
github.com/automationcloud/client-go/client.go:92.52,94.3 1 1
github.com/automationcloud/client-go/client.go:96.27,99.3 2 1
github.com/automationcloud/client-go/client.go:101.51,103.3 1 1
github.com/automationcloud/client-go/client.go:105.19,107.3 1 1
github.com/automationcloud/client-go/client.go:113.65,116.16 3 1
github.com/automationcloud/client-go/client.go:119.2,120.16 2 1
github.com/automationcloud/client-go/client.go:123.2,123.8 1 1
github.com/automationcloud/client-go/client.go:116.16,118.3 1 1
github.com/automationcloud/client-go/client.go:120.16,122.3 1 1
