mode: set
github.com/automationcloud/client-go/job_output.go:10.69,12.16 2 1
github.com/automationcloud/client-go/job_output.go:16.2,17.8 2 1
github.com/automationcloud/client-go/job_output.go:12.16,14.3 1 0
github.com/automationcloud/client-go/protocol.go:25.69,31.16 2 1
github.com/automationcloud/client-go/protocol.go:35.2,36.16 2 1
github.com/automationcloud/client-go/protocol.go:40.2,40.48 1 1
github.com/automationcloud/client-go/protocol.go:44.2,46.22 3 1
github.com/automationcloud/client-go/protocol.go:31.16,33.3 1 0
github.com/automationcloud/client-go/protocol.go:36.16,38.3 1 0
github.com/automationcloud/client-go/protocol.go:40.48,42.3 1 0
github.com/automationcloud/client-go/protocol.go:49.54,50.23 1 1
github.com/automationcloud/client-go/protocol.go:54.2,54.26 1 1
github.com/automationcloud/client-go/protocol.go:50.23,52.3 1 1
github.com/automationcloud/client-go/time.go:12.54,15.16 3 1
github.com/automationcloud/client-go/time.go:19.2,20.8 2 1
github.com/automationcloud/client-go/time.go:15.16,17.3 1 0
github.com/automationcloud/client-go/client.go:21.73,28.2 1 1
github.com/automationcloud/client-go/client.go:30.68,33.2 2 1
github.com/automationcloud/client-go/client.go:35.64,38.2 2 1
github.com/automationcloud/client-go/client.go:40.115,43.16 3 1
github.com/automationcloud/client-go/client.go:46.2,49.16 4 1
github.com/automationcloud/client-go/client.go:53.2,53.52 1 1
github.com/automationcloud/client-go/client.go:57.2,57.27 1 1
github.com/automationcloud/client-go/client.go:62.2,62.51 1 1
github.com/automationcloud/client-go/client.go:67.2,67.17 1 1
github.com/automationcloud/client-go/client.go:43.16,45.3 1 0
github.com/automationcloud/client-go/client.go:49.16,51.3 1 0
github.com/automationcloud/client-go/client.go:53.52,55.3 1 1
github.com/automationcloud/client-go/client.go:57.27,60.3 2 1
github.com/automationcloud/client-go/client.go:62.51,64.3 1 0
github.com/automationcloud/client-go/client.go:70.65,73.16 3 1
github.com/automationcloud/client-go/client.go:76.2,77.16 2 1
github.com/automationcloud/client-go/client.go:80.2,80.8 1 1
github.com/automationcloud/client-go/client.go:73.16,75.3 1 0
github.com/automationcloud/client-go/client.go:77.16,79.3 1 0
github.com/automationcloud/client-go/errors.go:12.41,14.2 1 1
github.com/automationcloud/client-go/errors.go:16.49,23.43 2 1
github.com/automationcloud/client-go/errors.go:26.2,26.44 1 1
github.com/automationcloud/client-go/errors.go:23.43,25.3 1 0
github.com/automationcloud/client-go/job.go:21.84,24.16 2 1
github.com/automationcloud/client-go/job.go:28.2,29.16 2 1
github.com/automationcloud/client-go/job.go:33.2,35.8 2 1
github.com/automationcloud/client-go/job.go:24.16,26.3 1 1
github.com/automationcloud/client-go/job.go:29.16,31.3 1 0
github.com/automationcloud/client-go/job.go:38.38,41.2 2 1
github.com/automationcloud/client-go/job.go:43.30,45.16 2 1
github.com/automationcloud/client-go/job.go:49.2,50.16 2 1
github.com/automationcloud/client-go/job.go:54.2,54.13 1 1
github.com/automationcloud/client-go/job.go:45.16,47.3 1 1
github.com/automationcloud/client-go/job.go:50.16,52.3 1 0
github.com/automationcloud/client-go/job.go:58.70,60.16 2 1
github.com/automationcloud/client-go/job.go:64.2,65.16 2 1
github.com/automationcloud/client-go/job.go:69.2,70.8 2 1
github.com/automationcloud/client-go/job.go:60.16,62.3 1 1
github.com/automationcloud/client-go/job.go:65.16,67.3 1 0
github.com/automationcloud/client-go/job_input.go:23.100,25.16 2 1
github.com/automationcloud/client-go/job_input.go:29.2,31.8 3 0
github.com/automationcloud/client-go/job_input.go:25.16,27.3 1 1
